\BOOKMARK [0][-]{chapter.1}{\376\377\000P\000r\000o\000j\000e\000c\000t\000\040\000O\000v\000e\000r\000v\000i\000e\000w}{}% 1
\BOOKMARK [1][-]{section.1.1}{\376\377\000A\000i\000m}{chapter.1}% 2
\BOOKMARK [1][-]{section.1.2}{\376\377\000P\000i\000p\000e\000l\000i\000n\000e}{chapter.1}% 3
\BOOKMARK [1][-]{section.1.3}{\376\377\000R\000e\000p\000o\000s\000i\000t\000o\000r\000y\000\040\000L\000a\000y\000o\000u\000t}{chapter.1}% 4
\BOOKMARK [1][-]{section.1.4}{\376\377\000R\000u\000n\000n\000i\000n\000g\000\040\000a\000n\000d\000\040\000T\000e\000s\000t\000i\000n\000g\000\040\000t\000h\000e\000\040\000C\000o\000m\000p\000i\000l\000e\000r}{chapter.1}% 5
\BOOKMARK [0][-]{chapter.2}{\376\377\000L\000e\000x\000i\000c\000a\000l\000\040\000A\000n\000a\000l\000y\000s\000i\000s}{}% 6
\BOOKMARK [1][-]{section.2.1}{\376\377\000T\000a\000s\000k\000\040\000O\000v\000e\000r\000v\000i\000e\000w}{chapter.2}% 7
\BOOKMARK [1][-]{section.2.2}{\376\377\000D\000e\000s\000i\000g\000n}{chapter.2}% 8
\BOOKMARK [1][-]{section.2.3}{\376\377\000M\000a\000i\000n\000\040\000F\000u\000n\000c\000t\000i\000o\000n\000s}{chapter.2}% 9
\BOOKMARK [1][-]{section.2.4}{\376\377\000E\000r\000r\000o\000r\000\040\000H\000a\000n\000d\000l\000i\000n\000g}{chapter.2}% 10
\BOOKMARK [1][-]{section.2.5}{\376\377\000T\000e\000s\000t\000i\000n\000g}{chapter.2}% 11
\BOOKMARK [0][-]{chapter.3}{\376\377\000S\000y\000n\000t\000a\000x\000\040\000A\000n\000a\000l\000y\000s\000i\000s}{}% 12
\BOOKMARK [1][-]{section.3.1}{\376\377\000T\000a\000s\000k\000\040\000O\000v\000e\000r\000v\000i\000e\000w}{chapter.3}% 13
\BOOKMARK [2][-]{subsection.3.1.1}{\376\377\000I\000n\000t\000e\000r\000n\000a\000l\000\040\000R\000e\000p\000r\000e\000s\000e\000n\000t\000a\000t\000i\000o\000n}{section.3.1}% 14
\BOOKMARK [1][-]{section.3.2}{\376\377\000D\000e\000s\000i\000g\000n}{chapter.3}% 15
\BOOKMARK [1][-]{section.3.3}{\376\377\000E\000r\000r\000o\000r\000\040\000H\000a\000n\000d\000l\000i\000n\000g}{chapter.3}% 16
\BOOKMARK [1][-]{section.3.4}{\376\377\000T\000e\000s\000t\000i\000n\000g}{chapter.3}% 17
\BOOKMARK [0][-]{chapter.4}{\376\377\000S\000e\000m\000a\000n\000t\000i\000c\000\040\000A\000n\000a\000l\000y\000s\000i\000s}{}% 18
\BOOKMARK [1][-]{section.4.1}{\376\377\000T\000a\000s\000k\000\040\000O\000v\000e\000r\000v\000i\000e\000w}{chapter.4}% 19
\BOOKMARK [1][-]{section.4.2}{\376\377\000C\000h\000e\000c\000k\000s\000\040\000I\000m\000p\000l\000e\000m\000e\000n\000t\000e\000d}{chapter.4}% 20
\BOOKMARK [1][-]{section.4.3}{\376\377\000D\000e\000s\000i\000g\000n}{chapter.4}% 21
\BOOKMARK [1][-]{section.4.4}{\376\377\000E\000r\000r\000o\000r\000\040\000H\000a\000n\000d\000l\000i\000n\000g}{chapter.4}% 22
\BOOKMARK [1][-]{section.4.5}{\376\377\000T\000e\000s\000t\000i\000n\000g}{chapter.4}% 23
\BOOKMARK [0][-]{chapter.5}{\376\377\000C\000o\000d\000e\000\040\000G\000e\000n\000e\000r\000a\000t\000i\000o\000n}{}% 24
\BOOKMARK [1][-]{section.5.1}{\376\377\000T\000a\000s\000k\000\040\000O\000v\000e\000r\000v\000i\000e\000w}{chapter.5}% 25
\BOOKMARK [1][-]{section.5.2}{\376\377\000D\000e\000s\000i\000g\000n}{chapter.5}% 26
\BOOKMARK [1][-]{section.5.3}{\376\377\000M\000a\000i\000n\000\040\000F\000u\000n\000c\000t\000i\000o\000n\000s}{chapter.5}% 27
\BOOKMARK [1][-]{section.5.4}{\376\377\000T\000y\000p\000e\000\040\000M\000a\000p\000p\000i\000n\000g}{chapter.5}% 28
\BOOKMARK [1][-]{section.5.5}{\376\377\000O\000p\000e\000r\000a\000t\000i\000o\000n\000\040\000L\000o\000w\000e\000r\000i\000n\000g}{chapter.5}% 29
\BOOKMARK [1][-]{section.5.6}{\376\377\000T\000e\000s\000t\000i\000n\000g}{chapter.5}% 30
\BOOKMARK [0][-]{chapter.6}{\376\377\000P\000r\000o\000g\000r\000a\000m\000\040\000A\000n\000a\000l\000y\000s\000i\000s\000\040\000w\000i\000t\000h\000\040\000A\000s\000c\000e\000n\000t}{}% 31
\BOOKMARK [1][-]{section.6.1}{\376\377\000T\000a\000s\000k\000\040\000O\000v\000e\000r\000v\000i\000e\000w}{chapter.6}% 32
\BOOKMARK [1][-]{section.6.2}{\376\377\000D\000e\000s\000i\000g\000n}{chapter.6}% 33
\BOOKMARK [1][-]{section.6.3}{\376\377\000T\000e\000s\000t\000i\000n\000g}{chapter.6}% 34
\BOOKMARK [0][-]{chapter.7}{\376\377\000C\000o\000n\000c\000l\000u\000d\000i\000n\000g\000\040\000N\000o\000t\000e\000s}{}% 35
\BOOKMARK [1][-]{section.7.1}{\376\377\000L\000i\000m\000i\000t\000a\000t\000i\000o\000n\000s}{chapter.7}% 36
\BOOKMARK [1][-]{section.7.2}{\376\377\000F\000u\000t\000u\000r\000e\000\040\000I\000m\000p\000r\000o\000v\000e\000m\000e\000n\000t}{chapter.7}% 37
\BOOKMARK [1][-]{section.7.3}{\376\377\000A\000\040\000N\000o\000t\000e\000\040\000o\000n\000\040\000R\000u\000s\000t\000\040\000f\000o\000r\000\040\000C\000o\000m\000p\000i\000l\000e\000r\000\040\000C\000o\000n\000s\000t\000r\000u\000c\000t\000i\000o\000n}{chapter.7}% 38
\BOOKMARK [1][-]{section.7.4}{\376\377\000D\000e\000v\000i\000a\000t\000i\000o\000n\000s\000\040\000f\000r\000o\000m\000\040\000t\000h\000e\000\040\000S\000u\000p\000p\000l\000i\000e\000d\000\040\000g\000r\000a\000m\000m\000a\000r}{chapter.7}% 39
\BOOKMARK [0][-]{appendix.A}{\376\377\000S\000a\000m\000p\000l\000e\000\040\000R\000e\000s\000I\000R\000\040\000I\000n\000p\000u\000t\000s}{}% 40
\BOOKMARK [1][-]{section.A.1}{\376\377\000A\000s\000s\000i\000g\000n\000m\000e\000n\000t\000\040\000E\000x\000a\000m\000p\000l\000e\000\040\0001}{appendix.A}% 41
\BOOKMARK [1][-]{section.A.2}{\376\377\000A\000s\000s\000i\000g\000n\000m\000e\000n\000t\000\040\000E\000x\000a\000m\000p\000l\000e\000\040\0002}{appendix.A}% 42
\BOOKMARK [1][-]{section.A.3}{\376\377\000A\000s\000s\000i\000g\000n\000m\000e\000n\000t\000\040\000E\000x\000a\000m\000p\000l\000e\000\040\0003}{appendix.A}% 43
\BOOKMARK [0][-]{appendix.B}{\376\377\000G\000e\000n\000e\000r\000a\000t\000e\000d\000\040\000C\000\040\000O\000u\000t\000p\000u\000t\000s}{}% 44
\BOOKMARK [1][-]{section.B.1}{\376\377\000A\000s\000s\000i\000g\000n\000m\000e\000n\000t\000\040\000E\000x\000a\000m\000p\000l\000e\000\040\0001}{appendix.B}% 45
\BOOKMARK [1][-]{section.B.2}{\376\377\000A\000s\000s\000i\000g\000n\000m\000e\000n\000t\000\040\000E\000x\000a\000m\000p\000l\000e\000\040\0002}{appendix.B}% 46
\BOOKMARK [1][-]{section.B.3}{\376\377\000A\000s\000s\000i\000g\000n\000m\000e\000n\000t\000\040\000E\000x\000a\000m\000p\000l\000e\000\040\0003}{appendix.B}% 47
\BOOKMARK [0][-]{appendix.C}{\376\377\000F\000u\000l\000l\000\040\000T\000e\000s\000t\000\040\000H\000a\000r\000n\000e\000s\000s\000\040\000O\000u\000t\000p\000u\000t}{}% 48
\BOOKMARK [0][-]{appendix.D}{\376\377\000o\000u\000t\000p\000u\000t\000\137\000c\000h\000e\000c\000k\000e\000r\000.\000c\000\040\000u\000s\000e\000d\000\040\000i\000n\000\040\000v\000i\000d\000e\000o}{}% 49
